<?xml version="1.0" encoding="utf-8"?><testsuites><testsuite name="pytest" errors="0" failures="0" skipped="0" tests="10" time="0.036" timestamp="2023-10-20T18:57:11.793660" hostname="Erlon"><testcase classname="test_gamesets.Test_starts_connection" name="test_clientConnect_new_ID" time="0.001" /><testcase classname="test_gamesets.Test_starts_connection" name="test_clientConnect_existing_ID" time="0.000" /><testcase classname="test_gamesets.Test_changing_user_info" name="test_add_new_name" time="0.001" /><testcase classname="test_gamesets.Test_changing_user_info" name="test_update_existing_name" time="0.000" /><testcase classname="test_gamesets.Test_user_becoming_player" name="test_clientBegin" time="0.001" /><testcase classname="test_gamesets.Test_user_becoming_player" name="test_clientCameBack" time="0.001" /><testcase classname="test_gamesets.Test_scoreBoard" name="test_kill_increment" time="0.001" /><testcase classname="test_gamesets.Test_scoreBoard" name="test_world_penalty" time="0.000" /><testcase classname="test_gamesets.Test_scoreBoard" name="test_negative_score" time="0.001" /><testcase classname="test_gamesets.Test_client_disconnection" name="test_clientdisconnect_successful" time="0.000" /></testsuite></testsuites>