<?xml version="1.0" encoding="utf-8"?><testsuites><testsuite name="pytest" errors="0" failures="0" skipped="0" tests="6" time="0.097" timestamp="2024-01-01T10:36:43.263473" hostname="Erlon"><testcase classname="test_analitics.Test_init" name="test_constructor" time="0.001" /><testcase classname="test_analitics.Test_time_colected" name="test_add_ratePoint" time="0.001" /><testcase classname="test_analitics.Test_Heat_in_Game" name="test_best_kill_rate" time="0.001" /><testcase classname="test_analitics.Test_Heat_in_Game" name="test_max_ttk" time="0.001" /><testcase classname="test_analitics.Test_api_sendAll" name="test_max_players_logged" time="0.001" /><testcase classname="test_analitics.Test_api_sendAll" name="test_send_loadedInfo" time="0.001" /></testsuite></testsuites>